Filesystem      Size  Used Avail Use% Mounted on
none            1.9G     0  1.9G   0% /usr/lib/modules/5.15.167.4-microsoft-standard-WSL2
none            1.9G  4.0K  1.9G   1% /mnt/wsl
drivers         195G  138G   57G  71% /usr/lib/wsl/drivers
/dev/sdc       1007G  3.9G  952G   1% /
none            1.9G   76K  1.9G   1% /mnt/wslg
none            1.9G     0  1.9G   0% /usr/lib/wsl/lib
rootfs          1.9G  2.2M  1.9G   1% /init
none            1.9G  796K  1.9G   1% /run
none            1.9G     0  1.9G   0% /run/lock
none            1.9G     0  1.9G   0% /run/shm
tmpfs           4.0M     0  4.0M   0% /sys/fs/cgroup
none            1.9G   76K  1.9G   1% /mnt/wslg/versions.txt
none            1.9G   76K  1.9G   1% /mnt/wslg/doc
C:\             195G  138G   57G  71% /mnt/c
D:\             137G   69G   69G  51% /mnt/d
E:\             145G   55G   91G  38% /mnt/e
snapfuse         45M   45M     0 100% /snap/snapd/23545
snapfuse         45M   45M     0 100% /snap/snapd/23771
snapfuse         67M   67M     0 100% /snap/core24/739
snapfuse        1.6G  1.6G     0 100% /snap/root-framework/943
tmpfs           386M   16K  386M   1% /run/user/0
